<?xml version="1.0" encoding="UTF-8" ?>
<testsuite tests="11" failures="0" name="com.mfi.trellis.models.PolicyTest" time="0.021" errors="0" skipped="0">
  <properties>
[...]
</properties>
  <testcase classname="com.mfi.trellis.models.PolicyTest" name="testSetAndGetPolicyHolder" time="0"/>
  <testcase classname="com.mfi.trellis.models.PolicyTest" name="testSetAndGetRenewalDate" time="0"/>
  <testcase classname="com.mfi.trellis.models.PolicyTest" name="testToString" time="0.017"/>
  <testcase classname="com.mfi.trellis.models.PolicyTest" name="testSetAndGetPremiumCents" time="0.001"/>
  <testcase classname="com.mfi.trellis.models.PolicyTest" name="testSetAndGetIssueDate" time="0.001"/>
  <testcase classname="com.mfi.trellis.models.PolicyTest" name="testTestEquals" time="0"/>
  <testcase classname="com.mfi.trellis.models.PolicyTest" name="testHashCode" time="0"/>
  <testcase classname="com.mfi.trellis.models.PolicyTest" name="testSetAndGetPolicyId" time="0.001"/>
  <testcase classname="com.mfi.trellis.models.PolicyTest" name="testSetAndGetPolicyTermMonths" time="0"/>
  <testcase classname="com.mfi.trellis.models.PolicyTest" name="testSetAndGetOperators" time="0.001"/>
  <testcase classname="com.mfi.trellis.models.PolicyTest" name="testSetAndGetIssuer" time="0"/>
</testsuite>